2010-06-08 05:58:30-0400 [-] Log opened.
2010-06-08 05:58:30-0400 [-] twistd 10.0.0 (/usr/bin/python 2.6.5) starting up.
2010-06-08 05:58:30-0400 [-] reactor class: twisted.internet.selectreactor.SelectReactor.
2010-06-08 05:58:30-0400 [-] Starting factory <buildbot.slave.bot.BotFactory instance at 0x2733ab8>
2010-06-08 05:58:30-0400 [Broker,client] message from master: attached
2010-06-08 05:58:30-0400 [Broker,client] SlaveBuilder.remote_print(devkitpro.sh-full): message from master: attached
2010-06-08 05:58:30-0400 [Broker,client] sending application-level keepalives every 600 seconds
2010-06-08 05:58:43-0400 [-] Received SIGTERM, shutting down.
2010-06-08 05:58:43-0400 [Broker,client] lost remote
2010-06-08 05:58:43-0400 [Broker,client] Stopping factory <buildbot.slave.bot.BotFactory instance at 0x2733ab8>
2010-06-08 05:58:43-0400 [-] Main loop terminated.
2010-06-08 05:58:43-0400 [-] Server Shut Down.
2010-06-08 06:00:24-0400 [-] Log opened.
2010-06-08 06:00:24-0400 [-] twistd 10.0.0 (/usr/bin/python 2.6.5) starting up.
2010-06-08 06:00:24-0400 [-] reactor class: twisted.internet.selectreactor.SelectReactor.
2010-06-08 06:00:24-0400 [-] Starting factory <buildbot.slave.bot.BotFactory instance at 0x2500ab8>
2010-06-08 06:00:24-0400 [Broker,client] message from master: attached
2010-06-08 06:00:24-0400 [Broker,client] I have a leftover directory 'full' that is not being used by the buildmaster: you can delete it now
2010-06-08 06:00:24-0400 [Broker,client] SlaveBuilder.remote_print(devkitpro.sh-full): message from master: attached
2010-06-08 06:00:24-0400 [Broker,client] sending application-level keepalives every 600 seconds
2010-06-08 06:01:30-0400 [Broker,client] lost remote
2010-06-08 06:01:30-0400 [Broker,client] <twisted.internet.tcp.Connector instance at 0x1f17128> will retry in 2 seconds
2010-06-08 06:01:30-0400 [Broker,client] Stopping factory <buildbot.slave.bot.BotFactory instance at 0x2500ab8>
2010-06-08 06:01:33-0400 [-] Starting factory <buildbot.slave.bot.BotFactory instance at 0x2500ab8>
2010-06-08 06:01:33-0400 [Uninitialized] <twisted.internet.tcp.Connector instance at 0x1f17128> will retry in 7 seconds
2010-06-08 06:01:33-0400 [Uninitialized] Stopping factory <buildbot.slave.bot.BotFactory instance at 0x2500ab8>
2010-06-08 06:01:33-0400 [-] Received SIGTERM, shutting down.
2010-06-08 06:01:33-0400 [-] Main loop terminated.
2010-06-08 06:01:33-0400 [-] Server Shut Down.
2010-06-08 06:04:27-0400 [-] Log opened.
2010-06-08 06:04:27-0400 [-] twistd 10.0.0 (/usr/bin/python 2.6.5) starting up.
2010-06-08 06:04:27-0400 [-] reactor class: twisted.internet.selectreactor.SelectReactor.
2010-06-08 06:04:27-0400 [-] Starting factory <buildbot.slave.bot.BotFactory instance at 0x2961ab8>
2010-06-08 06:04:27-0400 [Broker,client] message from master: attached
2010-06-08 06:04:27-0400 [Broker,client] SlaveBuilder.remote_print(devkitpro.sh-full): message from master: attached
2010-06-08 06:04:27-0400 [Broker,client] sending application-level keepalives every 600 seconds
